Parameter: restart_file = InitialConditionsFinal.3d.hdf5 is invalid: file cannot be opened for reading !!!
Abort(541673487) on node 8 (rank 8 in comm 0): Fatal error in PMPI_Comm_dup: Other MPI error, error stack:
PMPI_Comm_dup(179)..................: MPI_Comm_dup(MPI_COMM_WORLD, new_comm=0x7ffeb626a0b0) failed
PMPI_Comm_dup(164)..................: 
MPIR_Comm_dup_impl(57)..............: 
MPII_Comm_copy_with_info(702).......: 
MPIR_Get_contextid_sparse_group(498): Failure during collective
Abort(608782351) on node 9 (rank 9 in comm 0): Fatal error in PMPI_Comm_dup: Other MPI error, error stack:
PMPI_Comm_dup(179)..................: MPI_Comm_dup(MPI_COMM_WORLD, new_comm=0x7ffef2cdaa30) failed
PMPI_Comm_dup(164)..................: 
MPIR_Comm_dup_impl(57)..............: 
MPII_Comm_copy_with_info(702).......: 
MPIR_Get_contextid_sparse_group(498): Failure during collective
Abort(340346895) on node 10 (rank 10 in comm 0): Fatal error in PMPI_Comm_dup: Other MPI error, error stack:
PMPI_Comm_dup(179)..................: MPI_Comm_dup(MPI_COMM_WORLD, new_comm=0x7ffe8d6cf3b0) failed
PMPI_Comm_dup(164)..................: 
MPIR_Comm_dup_impl(57)..............: 
MPII_Comm_copy_with_info(702).......: 
MPIR_Get_contextid_sparse_group(498): Failure during collective
Abort(877217807) on node 11 (rank 11 in comm 0): Fatal error in PMPI_Comm_dup: Other MPI error, error stack:
PMPI_Comm_dup(179)..................: MPI_Comm_dup(MPI_COMM_WORLD, new_comm=0x7ffeaffe04b0) failed
PMPI_Comm_dup(164)..................: 
MPIR_Comm_dup_impl(57)..............: 
MPII_Comm_copy_with_info(702).......: 
MPIR_Get_contextid_sparse_group(498): Failure during collective
Abort(206129167) on node 12 (rank 12 in comm 0): Fatal error in PMPI_Comm_dup: Other MPI error, error stack:
PMPI_Comm_dup(179)..................: MPI_Comm_dup(MPI_COMM_WORLD, new_comm=0x7ffcfbd8ed30) failed
PMPI_Comm_dup(164)..................: 
MPIR_Comm_dup_impl(57)..............: 
MPII_Comm_copy_with_info(702).......: 
MPIR_Get_contextid_sparse_group(498): Failure during collective
Abort(273238031) on node 13 (rank 13 in comm 0): Fatal error in PMPI_Comm_dup: Other MPI error, error stack:
PMPI_Comm_dup(179)..................: MPI_Comm_dup(MPI_COMM_WORLD, new_comm=0x7ffffe1b77b0) failed
PMPI_Comm_dup(164)..................: 
MPIR_Comm_dup_impl(57)..............: 
MPII_Comm_copy_with_info(702).......: 
MPIR_Get_contextid_sparse_group(498): Failure during collective
Abort(608782351) on node 14 (rank 14 in comm 0): Fatal error in PMPI_Comm_dup: Other MPI error, error stack:
PMPI_Comm_dup(179)..................: MPI_Comm_dup(MPI_COMM_WORLD, new_comm=0x7ffd2f3a43b0) failed
PMPI_Comm_dup(164)..................: 
MPIR_Comm_dup_impl(57)..............: 
MPII_Comm_copy_with_info(702).......: 
MPIR_Get_contextid_sparse_group(498): Failure during collective
